<?xml version="1.0" encoding="UTF-8"?>
<!-- Generated by org.testng.reporters.JUnitReportReporter -->
<testsuite hostname="LAPTOP-15PGKH9T" failures="0" tests="5" name="testNg.Phase2.Sample_annotations" time="0.038" errors="0" timestamp="2022-12-01T22:18:46 IST" skipped="0">
  <testcase classname="testNg.Phase2.Sample_annotations" name="BTest3" time="0.018"/>
  <system-out/>
  <testcase classname="testNg.Phase2.Sample_annotations" name="Test1" time="0.006"/>
  <system-out/>
  <testcase classname="testNg.Phase2.Sample_annotations" name="Test2" time="0.004"/>
  <system-out/>
  <testcase classname="testNg.Phase2.Sample_annotations" name="Test3" time="0.007"/>
  <system-out/>
  <testcase classname="testNg.Phase2.Sample_annotations" name="Test4" time="0.003"/>
  <system-out/>
</testsuite> <!-- testNg.Phase2.Sample_annotations -->
